{"C:\\Users\\devic\\Desktop\\projects\\mcq105\\src\\App.tsx": {"path":"C:\\Users\\devic\\Desktop\\projects\\mcq105\\src\\App.tsx","statementMap":{"0":{"start":{"line":7,"column":2},"end":{"line":14,"column":4}}},"fnMap":{"0":{"name":"App","decl":{"start":{"line":6,"column":9},"end":{"line":6,"column":12}},"loc":{"start":{"line":6,"column":15},"end":{"line":15,"column":1}},"line":6}},"branchMap":{},"s":{"0":14},"f":{"0":14},"b":{},"_coverageSchema":"1a1c01bbd47fc00a2c39e90264f33305004495a9","hash":"7a68262326ad2ac3cb4b649778b6cd72bd1c1ac0"}
,"C:\\Users\\devic\\Desktop\\projects\\mcq105\\src\\index.tsx": {"path":"C:\\Users\\devic\\Desktop\\projects\\mcq105\\src\\index.tsx","statementMap":{"0":{"start":{"line":7,"column":13},"end":{"line":9,"column":1}},"1":{"start":{"line":10,"column":0},"end":{"line":14,"column":2}}},"fnMap":{},"branchMap":{},"s":{"0":0,"1":0},"f":{},"b":{}}
,"C:\\Users\\devic\\Desktop\\projects\\mcq105\\src\\components\\Frsitpage.tsx": {"path":"C:\\Users\\devic\\Desktop\\projects\\mcq105\\src\\components\\Frsitpage.tsx","statementMap":{"0":{"start":{"line":10,"column":13},"end":{"line":16,"column":3}},"1":{"start":{"line":10,"column":41},"end":{"line":16,"column":1}},"2":{"start":{"line":19,"column":18},"end":{"line":99,"column":1}},"3":{"start":{"line":20,"column":36},"end":{"line":20,"column":80}},"4":{"start":{"line":21,"column":21},"end":{"line":21,"column":34}},"5":{"start":{"line":22,"column":19},"end":{"line":24,"column":5}},"6":{"start":{"line":23,"column":8},"end":{"line":23,"column":43}},"7":{"start":{"line":26,"column":4},"end":{"line":98,"column":5}},"8":{"start":{"line":35,"column":45},"end":{"line":37,"column":31}},"9":{"start":{"line":35,"column":68},"end":{"line":37,"column":29}},"10":{"start":{"line":51,"column":45},"end":{"line":53,"column":31}},"11":{"start":{"line":51,"column":68},"end":{"line":53,"column":29}},"12":{"start":{"line":75,"column":45},"end":{"line":77,"column":31}},"13":{"start":{"line":75,"column":68},"end":{"line":77,"column":29}}},"fnMap":{"0":{"name":"(anonymous_0)","decl":{"start":{"line":10,"column":25},"end":{"line":10,"column":26}},"loc":{"start":{"line":10,"column":41},"end":{"line":16,"column":1}},"line":10},"1":{"name":"(anonymous_1)","decl":{"start":{"line":19,"column":18},"end":{"line":19,"column":19}},"loc":{"start":{"line":19,"column":24},"end":{"line":99,"column":1}},"line":19},"2":{"name":"(anonymous_2)","decl":{"start":{"line":22,"column":19},"end":{"line":22,"column":20}},"loc":{"start":{"line":22,"column":25},"end":{"line":24,"column":5}},"line":22},"3":{"name":"(anonymous_3)","decl":{"start":{"line":35,"column":38},"end":{"line":35,"column":39}},"loc":{"start":{"line":35,"column":45},"end":{"line":37,"column":31}},"line":35},"4":{"name":"(anonymous_4)","decl":{"start":{"line":35,"column":57},"end":{"line":35,"column":58}},"loc":{"start":{"line":35,"column":68},"end":{"line":37,"column":29}},"line":35},"5":{"name":"(anonymous_5)","decl":{"start":{"line":51,"column":38},"end":{"line":51,"column":39}},"loc":{"start":{"line":51,"column":45},"end":{"line":53,"column":31}},"line":51},"6":{"name":"(anonymous_6)","decl":{"start":{"line":51,"column":57},"end":{"line":51,"column":58}},"loc":{"start":{"line":51,"column":68},"end":{"line":53,"column":29}},"line":51},"7":{"name":"(anonymous_7)","decl":{"start":{"line":75,"column":38},"end":{"line":75,"column":39}},"loc":{"start":{"line":75,"column":45},"end":{"line":77,"column":31}},"line":75},"8":{"name":"(anonymous_8)","decl":{"start":{"line":75,"column":57},"end":{"line":75,"column":58}},"loc":{"start":{"line":75,"column":68},"end":{"line":77,"column":29}},"line":75}},"branchMap":{"0":{"loc":{"start":{"line":11,"column":21},"end":{"line":11,"column":71}},"type":"cond-expr","locations":[{"start":{"line":11,"column":53},"end":{"line":11,"column":62}},{"start":{"line":11,"column":65},"end":{"line":11,"column":71}}],"line":11},"1":{"loc":{"start":{"line":91,"column":84},"end":{"line":91,"column":133}},"type":"binary-expr","locations":[{"start":{"line":91,"column":84},"end":{"line":91,"column":97}},{"start":{"line":91,"column":101},"end":{"line":91,"column":116}},{"start":{"line":91,"column":120},"end":{"line":91,"column":133}}],"line":91}},"s":{"0":1,"1":52,"2":1,"3":13,"4":13,"5":13,"6":1,"7":13,"8":2,"9":2,"10":2,"11":2,"12":2,"13":2},"f":{"0":52,"1":13,"2":1,"3":2,"4":2,"5":2,"6":2,"7":2,"8":2},"b":{"0":[0,52],"1":[13,6,4]},"_coverageSchema":"1a1c01bbd47fc00a2c39e90264f33305004495a9","hash":"3fd81db6441dc3f863d7871ccbe86f368620b2e4"}
,"C:\\Users\\devic\\Desktop\\projects\\mcq105\\src\\components\\SecondPage.tsx": {"path":"C:\\Users\\devic\\Desktop\\projects\\mcq105\\src\\components\\SecondPage.tsx","statementMap":{"0":{"start":{"line":26,"column":13},"end":{"line":32,"column":3}},"1":{"start":{"line":26,"column":41},"end":{"line":32,"column":1}},"2":{"start":{"line":35,"column":19},"end":{"line":342,"column":1}},"3":{"start":{"line":36,"column":28},"end":{"line":36,"column":39}},"4":{"start":{"line":37,"column":40},"end":{"line":37,"column":92}},"5":{"start":{"line":38,"column":36},"end":{"line":38,"column":69}},"6":{"start":{"line":39,"column":28},"end":{"line":39,"column":43}},"7":{"start":{"line":40,"column":30},"end":{"line":40,"column":41}},"8":{"start":{"line":41,"column":30},"end":{"line":41,"column":41}},"9":{"start":{"line":43,"column":23},"end":{"line":190,"column":5}},"10":{"start":{"line":44,"column":8},"end":{"line":59,"column":9}},"11":{"start":{"line":45,"column":12},"end":{"line":58,"column":13}},"12":{"start":{"line":54,"column":41},"end":{"line":56,"column":27}},"13":{"start":{"line":54,"column":71},"end":{"line":56,"column":25}},"14":{"start":{"line":60,"column":8},"end":{"line":83,"column":9}},"15":{"start":{"line":61,"column":12},"end":{"line":82,"column":13}},"16":{"start":{"line":71,"column":41},"end":{"line":73,"column":27}},"17":{"start":{"line":71,"column":71},"end":{"line":73,"column":25}},"18":{"start":{"line":84,"column":8},"end":{"line":107,"column":9}},"19":{"start":{"line":85,"column":12},"end":{"line":106,"column":13}},"20":{"start":{"line":94,"column":49},"end":{"line":96,"column":35}},"21":{"start":{"line":94,"column":79},"end":{"line":96,"column":33}},"22":{"start":{"line":108,"column":8},"end":{"line":135,"column":9}},"23":{"start":{"line":109,"column":27},"end":{"line":109,"column":56}},"24":{"start":{"line":110,"column":12},"end":{"line":134,"column":13}},"25":{"start":{"line":117,"column":32},"end":{"line":129,"column":33}},"26":{"start":{"line":119,"column":40},"end":{"line":127,"column":41}},"27":{"start":{"line":120,"column":44},"end":{"line":122,"column":47}},"28":{"start":{"line":120,"column":74},"end":{"line":122,"column":45}},"29":{"start":{"line":121,"column":97},"end":{"line":121,"column":111}},"30":{"start":{"line":124,"column":44},"end":{"line":126,"column":47}},"31":{"start":{"line":124,"column":74},"end":{"line":126,"column":45}},"32":{"start":{"line":136,"column":8},"end":{"line":189,"column":9}},"33":{"start":{"line":137,"column":12},"end":{"line":188,"column":13}},"34":{"start":{"line":146,"column":49},"end":{"line":148,"column":35}},"35":{"start":{"line":146,"column":77},"end":{"line":148,"column":33}},"36":{"start":{"line":161,"column":49},"end":{"line":163,"column":35}},"37":{"start":{"line":161,"column":77},"end":{"line":163,"column":33}},"38":{"start":{"line":176,"column":49},"end":{"line":178,"column":35}},"39":{"start":{"line":176,"column":77},"end":{"line":178,"column":33}},"40":{"start":{"line":192,"column":17},"end":{"line":196,"column":5}},"41":{"start":{"line":193,"column":8},"end":{"line":195,"column":9}},"42":{"start":{"line":194,"column":12},"end":{"line":194,"column":29}},"43":{"start":{"line":197,"column":17},"end":{"line":201,"column":5}},"44":{"start":{"line":198,"column":8},"end":{"line":200,"column":9}},"45":{"start":{"line":199,"column":12},"end":{"line":199,"column":29}},"46":{"start":{"line":202,"column":24},"end":{"line":228,"column":5}},"47":{"start":{"line":203,"column":8},"end":{"line":207,"column":9}},"48":{"start":{"line":204,"column":12},"end":{"line":204,"column":55}},"49":{"start":{"line":204,"column":36},"end":{"line":204,"column":54}},"50":{"start":{"line":206,"column":12},"end":{"line":206,"column":55}},"51":{"start":{"line":206,"column":36},"end":{"line":206,"column":54}},"52":{"start":{"line":208,"column":8},"end":{"line":212,"column":9}},"53":{"start":{"line":209,"column":12},"end":{"line":209,"column":55}},"54":{"start":{"line":209,"column":36},"end":{"line":209,"column":54}},"55":{"start":{"line":211,"column":12},"end":{"line":211,"column":55}},"56":{"start":{"line":211,"column":36},"end":{"line":211,"column":54}},"57":{"start":{"line":213,"column":8},"end":{"line":217,"column":9}},"58":{"start":{"line":214,"column":12},"end":{"line":214,"column":55}},"59":{"start":{"line":214,"column":36},"end":{"line":214,"column":54}},"60":{"start":{"line":216,"column":12},"end":{"line":216,"column":55}},"61":{"start":{"line":216,"column":36},"end":{"line":216,"column":54}},"62":{"start":{"line":218,"column":8},"end":{"line":222,"column":9}},"63":{"start":{"line":219,"column":12},"end":{"line":219,"column":55}},"64":{"start":{"line":219,"column":36},"end":{"line":219,"column":54}},"65":{"start":{"line":221,"column":12},"end":{"line":221,"column":55}},"66":{"start":{"line":221,"column":36},"end":{"line":221,"column":54}},"67":{"start":{"line":223,"column":8},"end":{"line":227,"column":9}},"68":{"start":{"line":224,"column":12},"end":{"line":224,"column":55}},"69":{"start":{"line":224,"column":36},"end":{"line":224,"column":54}},"70":{"start":{"line":226,"column":12},"end":{"line":226,"column":55}},"71":{"start":{"line":226,"column":36},"end":{"line":226,"column":54}},"72":{"start":{"line":230,"column":19},"end":{"line":233,"column":5}},"73":{"start":{"line":231,"column":8},"end":{"line":231,"column":21}},"74":{"start":{"line":232,"column":8},"end":{"line":232,"column":21}},"75":{"start":{"line":235,"column":4},"end":{"line":341,"column":5}},"76":{"start":{"line":276,"column":85},"end":{"line":276,"column":95}},"77":{"start":{"line":296,"column":58},"end":{"line":296,"column":116}},"78":{"start":{"line":309,"column":36},"end":{"line":309,"column":53}},"79":{"start":{"line":310,"column":41},"end":{"line":310,"column":84}},"80":{"start":{"line":311,"column":36},"end":{"line":311,"column":97}},"81":{"start":{"line":311,"column":83},"end":{"line":311,"column":96}},"82":{"start":{"line":312,"column":28},"end":{"line":314,"column":29}},"83":{"start":{"line":313,"column":32},"end":{"line":313,"column":65}},"84":{"start":{"line":315,"column":28},"end":{"line":317,"column":29}},"85":{"start":{"line":316,"column":168},"end":{"line":316,"column":191}}},"fnMap":{"0":{"name":"(anonymous_0)","decl":{"start":{"line":26,"column":25},"end":{"line":26,"column":26}},"loc":{"start":{"line":26,"column":41},"end":{"line":32,"column":1}},"line":26},"1":{"name":"(anonymous_1)","decl":{"start":{"line":35,"column":19},"end":{"line":35,"column":20}},"loc":{"start":{"line":35,"column":25},"end":{"line":342,"column":1}},"line":35},"2":{"name":"(anonymous_2)","decl":{"start":{"line":43,"column":23},"end":{"line":43,"column":24}},"loc":{"start":{"line":43,"column":29},"end":{"line":190,"column":5}},"line":43},"3":{"name":"(anonymous_3)","decl":{"start":{"line":54,"column":34},"end":{"line":54,"column":35}},"loc":{"start":{"line":54,"column":41},"end":{"line":56,"column":27}},"line":54},"4":{"name":"(anonymous_4)","decl":{"start":{"line":54,"column":55},"end":{"line":54,"column":56}},"loc":{"start":{"line":54,"column":71},"end":{"line":56,"column":25}},"line":54},"5":{"name":"(anonymous_5)","decl":{"start":{"line":71,"column":34},"end":{"line":71,"column":35}},"loc":{"start":{"line":71,"column":41},"end":{"line":73,"column":27}},"line":71},"6":{"name":"(anonymous_6)","decl":{"start":{"line":71,"column":55},"end":{"line":71,"column":56}},"loc":{"start":{"line":71,"column":71},"end":{"line":73,"column":25}},"line":71},"7":{"name":"(anonymous_7)","decl":{"start":{"line":94,"column":42},"end":{"line":94,"column":43}},"loc":{"start":{"line":94,"column":49},"end":{"line":96,"column":35}},"line":94},"8":{"name":"(anonymous_8)","decl":{"start":{"line":94,"column":63},"end":{"line":94,"column":64}},"loc":{"start":{"line":94,"column":79},"end":{"line":96,"column":33}},"line":94},"9":{"name":"(anonymous_9)","decl":{"start":{"line":116,"column":40},"end":{"line":116,"column":41}},"loc":{"start":{"line":116,"column":57},"end":{"line":130,"column":29}},"line":116},"10":{"name":"(anonymous_10)","decl":{"start":{"line":118,"column":170},"end":{"line":118,"column":171}},"loc":{"start":{"line":118,"column":182},"end":{"line":128,"column":37}},"line":118},"11":{"name":"(anonymous_11)","decl":{"start":{"line":120,"column":58},"end":{"line":120,"column":59}},"loc":{"start":{"line":120,"column":74},"end":{"line":122,"column":45}},"line":120},"12":{"name":"(anonymous_12)","decl":{"start":{"line":121,"column":81},"end":{"line":121,"column":82}},"loc":{"start":{"line":121,"column":97},"end":{"line":121,"column":111}},"line":121},"13":{"name":"(anonymous_13)","decl":{"start":{"line":124,"column":58},"end":{"line":124,"column":59}},"loc":{"start":{"line":124,"column":74},"end":{"line":126,"column":45}},"line":124},"14":{"name":"(anonymous_14)","decl":{"start":{"line":146,"column":42},"end":{"line":146,"column":43}},"loc":{"start":{"line":146,"column":49},"end":{"line":148,"column":35}},"line":146},"15":{"name":"(anonymous_15)","decl":{"start":{"line":146,"column":61},"end":{"line":146,"column":62}},"loc":{"start":{"line":146,"column":77},"end":{"line":148,"column":33}},"line":146},"16":{"name":"(anonymous_16)","decl":{"start":{"line":161,"column":42},"end":{"line":161,"column":43}},"loc":{"start":{"line":161,"column":49},"end":{"line":163,"column":35}},"line":161},"17":{"name":"(anonymous_17)","decl":{"start":{"line":161,"column":61},"end":{"line":161,"column":62}},"loc":{"start":{"line":161,"column":77},"end":{"line":163,"column":33}},"line":161},"18":{"name":"(anonymous_18)","decl":{"start":{"line":176,"column":42},"end":{"line":176,"column":43}},"loc":{"start":{"line":176,"column":49},"end":{"line":178,"column":35}},"line":176},"19":{"name":"(anonymous_19)","decl":{"start":{"line":176,"column":61},"end":{"line":176,"column":62}},"loc":{"start":{"line":176,"column":77},"end":{"line":178,"column":33}},"line":176},"20":{"name":"(anonymous_20)","decl":{"start":{"line":192,"column":17},"end":{"line":192,"column":18}},"loc":{"start":{"line":192,"column":23},"end":{"line":196,"column":5}},"line":192},"21":{"name":"(anonymous_21)","decl":{"start":{"line":197,"column":17},"end":{"line":197,"column":18}},"loc":{"start":{"line":197,"column":23},"end":{"line":201,"column":5}},"line":197},"22":{"name":"(anonymous_22)","decl":{"start":{"line":202,"column":24},"end":{"line":202,"column":25}},"loc":{"start":{"line":202,"column":30},"end":{"line":228,"column":5}},"line":202},"23":{"name":"(anonymous_23)","decl":{"start":{"line":204,"column":21},"end":{"line":204,"column":22}},"loc":{"start":{"line":204,"column":36},"end":{"line":204,"column":54}},"line":204},"24":{"name":"(anonymous_24)","decl":{"start":{"line":206,"column":21},"end":{"line":206,"column":22}},"loc":{"start":{"line":206,"column":36},"end":{"line":206,"column":54}},"line":206},"25":{"name":"(anonymous_25)","decl":{"start":{"line":209,"column":21},"end":{"line":209,"column":22}},"loc":{"start":{"line":209,"column":36},"end":{"line":209,"column":54}},"line":209},"26":{"name":"(anonymous_26)","decl":{"start":{"line":211,"column":21},"end":{"line":211,"column":22}},"loc":{"start":{"line":211,"column":36},"end":{"line":211,"column":54}},"line":211},"27":{"name":"(anonymous_27)","decl":{"start":{"line":214,"column":21},"end":{"line":214,"column":22}},"loc":{"start":{"line":214,"column":36},"end":{"line":214,"column":54}},"line":214},"28":{"name":"(anonymous_28)","decl":{"start":{"line":216,"column":21},"end":{"line":216,"column":22}},"loc":{"start":{"line":216,"column":36},"end":{"line":216,"column":54}},"line":216},"29":{"name":"(anonymous_29)","decl":{"start":{"line":219,"column":21},"end":{"line":219,"column":22}},"loc":{"start":{"line":219,"column":36},"end":{"line":219,"column":54}},"line":219},"30":{"name":"(anonymous_30)","decl":{"start":{"line":221,"column":21},"end":{"line":221,"column":22}},"loc":{"start":{"line":221,"column":36},"end":{"line":221,"column":54}},"line":221},"31":{"name":"(anonymous_31)","decl":{"start":{"line":224,"column":21},"end":{"line":224,"column":22}},"loc":{"start":{"line":224,"column":36},"end":{"line":224,"column":54}},"line":224},"32":{"name":"(anonymous_32)","decl":{"start":{"line":226,"column":21},"end":{"line":226,"column":22}},"loc":{"start":{"line":226,"column":36},"end":{"line":226,"column":54}},"line":226},"33":{"name":"(anonymous_33)","decl":{"start":{"line":230,"column":19},"end":{"line":230,"column":20}},"loc":{"start":{"line":230,"column":25},"end":{"line":233,"column":5}},"line":230},"34":{"name":"(anonymous_34)","decl":{"start":{"line":276,"column":70},"end":{"line":276,"column":71}},"loc":{"start":{"line":276,"column":85},"end":{"line":276,"column":95}},"line":276},"35":{"name":"(anonymous_35)","decl":{"start":{"line":296,"column":39},"end":{"line":296,"column":40}},"loc":{"start":{"line":296,"column":58},"end":{"line":296,"column":116}},"line":296},"36":{"name":"(anonymous_36)","decl":{"start":{"line":308,"column":53},"end":{"line":308,"column":54}},"loc":{"start":{"line":308,"column":63},"end":{"line":318,"column":25}},"line":308},"37":{"name":"(anonymous_37)","decl":{"start":{"line":311,"column":66},"end":{"line":311,"column":67}},"loc":{"start":{"line":311,"column":83},"end":{"line":311,"column":96}},"line":311},"38":{"name":"(anonymous_38)","decl":{"start":{"line":316,"column":162},"end":{"line":316,"column":163}},"loc":{"start":{"line":316,"column":168},"end":{"line":316,"column":191}},"line":316}},"branchMap":{"0":{"loc":{"start":{"line":27,"column":21},"end":{"line":27,"column":71}},"type":"cond-expr","locations":[{"start":{"line":27,"column":53},"end":{"line":27,"column":62}},{"start":{"line":27,"column":65},"end":{"line":27,"column":71}}],"line":27},"1":{"loc":{"start":{"line":44,"column":8},"end":{"line":59,"column":9}},"type":"if","locations":[{"start":{"line":44,"column":8},"end":{"line":59,"column":9}},{"start":{},"end":{}}],"line":44},"2":{"loc":{"start":{"line":60,"column":8},"end":{"line":83,"column":9}},"type":"if","locations":[{"start":{"line":60,"column":8},"end":{"line":83,"column":9}},{"start":{},"end":{}}],"line":60},"3":{"loc":{"start":{"line":84,"column":8},"end":{"line":107,"column":9}},"type":"if","locations":[{"start":{"line":84,"column":8},"end":{"line":107,"column":9}},{"start":{},"end":{}}],"line":84},"4":{"loc":{"start":{"line":108,"column":8},"end":{"line":135,"column":9}},"type":"if","locations":[{"start":{"line":108,"column":8},"end":{"line":135,"column":9}},{"start":{},"end":{}}],"line":108},"5":{"loc":{"start":{"line":119,"column":40},"end":{"line":127,"column":41}},"type":"if","locations":[{"start":{"line":119,"column":40},"end":{"line":127,"column":41}},{"start":{"line":123,"column":47},"end":{"line":127,"column":41}}],"line":119},"6":{"loc":{"start":{"line":136,"column":8},"end":{"line":189,"column":9}},"type":"if","locations":[{"start":{"line":136,"column":8},"end":{"line":189,"column":9}},{"start":{},"end":{}}],"line":136},"7":{"loc":{"start":{"line":193,"column":8},"end":{"line":195,"column":9}},"type":"if","locations":[{"start":{"line":193,"column":8},"end":{"line":195,"column":9}},{"start":{},"end":{}}],"line":193},"8":{"loc":{"start":{"line":198,"column":8},"end":{"line":200,"column":9}},"type":"if","locations":[{"start":{"line":198,"column":8},"end":{"line":200,"column":9}},{"start":{},"end":{}}],"line":198},"9":{"loc":{"start":{"line":203,"column":8},"end":{"line":207,"column":9}},"type":"if","locations":[{"start":{"line":203,"column":8},"end":{"line":207,"column":9}},{"start":{"line":205,"column":15},"end":{"line":207,"column":9}}],"line":203},"10":{"loc":{"start":{"line":208,"column":8},"end":{"line":212,"column":9}},"type":"if","locations":[{"start":{"line":208,"column":8},"end":{"line":212,"column":9}},{"start":{"line":210,"column":15},"end":{"line":212,"column":9}}],"line":208},"11":{"loc":{"start":{"line":213,"column":8},"end":{"line":217,"column":9}},"type":"if","locations":[{"start":{"line":213,"column":8},"end":{"line":217,"column":9}},{"start":{"line":215,"column":15},"end":{"line":217,"column":9}}],"line":213},"12":{"loc":{"start":{"line":218,"column":8},"end":{"line":222,"column":9}},"type":"if","locations":[{"start":{"line":218,"column":8},"end":{"line":222,"column":9}},{"start":{"line":220,"column":15},"end":{"line":222,"column":9}}],"line":218},"13":{"loc":{"start":{"line":223,"column":8},"end":{"line":227,"column":9}},"type":"if","locations":[{"start":{"line":223,"column":8},"end":{"line":227,"column":9}},{"start":{"line":225,"column":15},"end":{"line":227,"column":9}}],"line":223},"14":{"loc":{"start":{"line":223,"column":12},"end":{"line":223,"column":87}},"type":"binary-expr","locations":[{"start":{"line":223,"column":12},"end":{"line":223,"column":33}},{"start":{"line":223,"column":37},"end":{"line":223,"column":59}},{"start":{"line":223,"column":63},"end":{"line":223,"column":87}}],"line":223},"15":{"loc":{"start":{"line":238,"column":13},"end":{"line":337,"column":19}},"type":"cond-expr","locations":[{"start":{"line":238,"column":20},"end":{"line":305,"column":19}},{"start":{"line":305,"column":22},"end":{"line":337,"column":19}}],"line":238},"16":{"loc":{"start":{"line":256,"column":52},"end":{"line":256,"column":116}},"type":"cond-expr","locations":[{"start":{"line":256,"column":100},"end":{"line":256,"column":106}},{"start":{"line":256,"column":109},"end":{"line":256,"column":116}}],"line":256},"17":{"loc":{"start":{"line":263,"column":52},"end":{"line":263,"column":96}},"type":"cond-expr","locations":[{"start":{"line":263,"column":80},"end":{"line":263,"column":86}},{"start":{"line":263,"column":89},"end":{"line":263,"column":96}}],"line":263},"18":{"loc":{"start":{"line":270,"column":52},"end":{"line":270,"column":93}},"type":"cond-expr","locations":[{"start":{"line":270,"column":77},"end":{"line":270,"column":83}},{"start":{"line":270,"column":86},"end":{"line":270,"column":93}}],"line":270},"19":{"loc":{"start":{"line":277,"column":52},"end":{"line":277,"column":103}},"type":"cond-expr","locations":[{"start":{"line":277,"column":87},"end":{"line":277,"column":94}},{"start":{"line":277,"column":97},"end":{"line":277,"column":103}}],"line":277},"20":{"loc":{"start":{"line":284,"column":52},"end":{"line":284,"column":146}},"type":"cond-expr","locations":[{"start":{"line":284,"column":130},"end":{"line":284,"column":136}},{"start":{"line":284,"column":139},"end":{"line":284,"column":146}}],"line":284},"21":{"loc":{"start":{"line":284,"column":52},"end":{"line":284,"column":127}},"type":"binary-expr","locations":[{"start":{"line":284,"column":52},"end":{"line":284,"column":73}},{"start":{"line":284,"column":77},"end":{"line":284,"column":99}},{"start":{"line":284,"column":103},"end":{"line":284,"column":127}}],"line":284},"22":{"loc":{"start":{"line":310,"column":41},"end":{"line":310,"column":84}},"type":"cond-expr","locations":[{"start":{"line":310,"column":64},"end":{"line":310,"column":70}},{"start":{"line":310,"column":73},"end":{"line":310,"column":84}}],"line":310},"23":{"loc":{"start":{"line":312,"column":28},"end":{"line":314,"column":29}},"type":"if","locations":[{"start":{"line":312,"column":28},"end":{"line":314,"column":29}},{"start":{},"end":{}}],"line":312},"24":{"loc":{"start":{"line":313,"column":41},"end":{"line":313,"column":65}},"type":"cond-expr","locations":[{"start":{"line":313,"column":45},"end":{"line":313,"column":51}},{"start":{"line":313,"column":54},"end":{"line":313,"column":65}}],"line":313}},"s":{"0":1,"1":84,"2":1,"3":22,"4":22,"5":22,"6":22,"7":22,"8":22,"9":22,"10":20,"11":9,"12":1,"13":1,"14":11,"15":2,"16":1,"17":1,"18":9,"19":2,"20":1,"21":1,"22":7,"23":3,"24":3,"25":9,"26":4,"27":0,"28":0,"29":0,"30":4,"31":4,"32":4,"33":4,"34":1,"35":1,"36":1,"37":1,"38":1,"39":1,"40":22,"41":0,"42":0,"43":22,"44":0,"45":0,"46":22,"47":2,"48":0,"49":0,"50":2,"51":2,"52":2,"53":0,"54":0,"55":2,"56":2,"57":2,"58":0,"59":0,"60":2,"61":2,"62":2,"63":0,"64":0,"65":2,"66":2,"67":2,"68":0,"69":0,"70":2,"71":2,"72":22,"73":2,"74":2,"75":22,"76":0,"77":4,"78":100,"79":100,"80":100,"81":285,"82":100,"83":20,"84":100,"85":4},"f":{"0":84,"1":22,"2":20,"3":1,"4":1,"5":1,"6":1,"7":1,"8":1,"9":9,"10":4,"11":0,"12":0,"13":4,"14":1,"15":1,"16":1,"17":1,"18":1,"19":1,"20":0,"21":0,"22":2,"23":0,"24":2,"25":0,"26":2,"27":0,"28":2,"29":0,"30":2,"31":0,"32":2,"33":2,"34":0,"35":4,"36":100,"37":285,"38":4},"b":{"0":[0,84],"1":[9,11],"2":[2,9],"3":[2,7],"4":[3,4],"5":[0,4],"6":[4,0],"7":[0,0],"8":[0,0],"9":[0,2],"10":[0,2],"11":[0,2],"12":[0,2],"13":[0,2],"14":[2,0,0],"15":[2,20],"16":[0,2],"17":[0,2],"18":[0,2],"19":[0,2],"20":[0,2],"21":[2,0,0],"22":[95,5],"23":[20,80],"24":[17,3]},"_coverageSchema":"1a1c01bbd47fc00a2c39e90264f33305004495a9","hash":"3952f52c033329b4cd00f766c8652d021c5709b9"}
}
