TN:
SF:src\App.tsx
FN:6,App
FNF:1
FNH:1
FNDA:14,App
DA:7,14
LF:1
LH:1
BRF:0
BRH:0
end_of_record
TN:
SF:src\index.tsx
FNF:0
FNH:0
DA:7,0
DA:10,0
LF:2
LH:0
BRF:0
BRH:0
end_of_record
TN:
SF:src\components\Frsitpage.tsx
FN:10,(anonymous_0)
FN:19,(anonymous_1)
FN:22,(anonymous_2)
FN:35,(anonymous_3)
FN:35,(anonymous_4)
FN:51,(anonymous_5)
FN:51,(anonymous_6)
FN:75,(anonymous_7)
FN:75,(anonymous_8)
FNF:9
FNH:9
FNDA:52,(anonymous_0)
FNDA:13,(anonymous_1)
FNDA:1,(anonymous_2)
FNDA:2,(anonymous_3)
FNDA:2,(anonymous_4)
FNDA:2,(anonymous_5)
FNDA:2,(anonymous_6)
FNDA:2,(anonymous_7)
FNDA:2,(anonymous_8)
DA:10,52
DA:19,1
DA:20,13
DA:21,13
DA:22,13
DA:23,1
DA:26,13
DA:35,2
DA:51,2
DA:75,2
LF:10
LH:10
BRDA:11,0,0,0
BRDA:11,0,1,52
BRDA:91,1,0,13
BRDA:91,1,1,6
BRDA:91,1,2,4
BRF:5
BRH:4
end_of_record
TN:
SF:src\components\SecondPage.tsx
FN:26,(anonymous_0)
FN:35,(anonymous_1)
FN:43,(anonymous_2)
FN:54,(anonymous_3)
FN:54,(anonymous_4)
FN:71,(anonymous_5)
FN:71,(anonymous_6)
FN:94,(anonymous_7)
FN:94,(anonymous_8)
FN:116,(anonymous_9)
FN:118,(anonymous_10)
FN:120,(anonymous_11)
FN:121,(anonymous_12)
FN:124,(anonymous_13)
FN:146,(anonymous_14)
FN:146,(anonymous_15)
FN:161,(anonymous_16)
FN:161,(anonymous_17)
FN:176,(anonymous_18)
FN:176,(anonymous_19)
FN:192,(anonymous_20)
FN:197,(anonymous_21)
FN:202,(anonymous_22)
FN:204,(anonymous_23)
FN:206,(anonymous_24)
FN:209,(anonymous_25)
FN:211,(anonymous_26)
FN:214,(anonymous_27)
FN:216,(anonymous_28)
FN:219,(anonymous_29)
FN:221,(anonymous_30)
FN:224,(anonymous_31)
FN:226,(anonymous_32)
FN:230,(anonymous_33)
FN:276,(anonymous_34)
FN:296,(anonymous_35)
FN:308,(anonymous_36)
FN:311,(anonymous_37)
FN:316,(anonymous_38)
FNF:39
FNH:29
FNDA:84,(anonymous_0)
FNDA:22,(anonymous_1)
FNDA:20,(anonymous_2)
FNDA:1,(anonymous_3)
FNDA:1,(anonymous_4)
FNDA:1,(anonymous_5)
FNDA:1,(anonymous_6)
FNDA:1,(anonymous_7)
FNDA:1,(anonymous_8)
FNDA:9,(anonymous_9)
FNDA:4,(anonymous_10)
FNDA:0,(anonymous_11)
FNDA:0,(anonymous_12)
FNDA:4,(anonymous_13)
FNDA:1,(anonymous_14)
FNDA:1,(anonymous_15)
FNDA:1,(anonymous_16)
FNDA:1,(anonymous_17)
FNDA:1,(anonymous_18)
FNDA:1,(anonymous_19)
FNDA:0,(anonymous_20)
FNDA:0,(anonymous_21)
FNDA:2,(anonymous_22)
FNDA:0,(anonymous_23)
FNDA:2,(anonymous_24)
FNDA:0,(anonymous_25)
FNDA:2,(anonymous_26)
FNDA:0,(anonymous_27)
FNDA:2,(anonymous_28)
FNDA:0,(anonymous_29)
FNDA:2,(anonymous_30)
FNDA:0,(anonymous_31)
FNDA:2,(anonymous_32)
FNDA:2,(anonymous_33)
FNDA:0,(anonymous_34)
FNDA:4,(anonymous_35)
FNDA:100,(anonymous_36)
FNDA:285,(anonymous_37)
FNDA:4,(anonymous_38)
DA:26,84
DA:35,1
DA:36,22
DA:37,22
DA:38,22
DA:39,22
DA:40,22
DA:41,22
DA:43,22
DA:44,20
DA:45,9
DA:54,1
DA:60,11
DA:61,2
DA:71,1
DA:84,9
DA:85,2
DA:94,1
DA:108,7
DA:109,3
DA:110,3
DA:117,9
DA:119,4
DA:120,0
DA:121,0
DA:124,4
DA:136,4
DA:137,4
DA:146,1
DA:161,1
DA:176,1
DA:192,22
DA:193,0
DA:194,0
DA:197,22
DA:198,0
DA:199,0
DA:202,22
DA:203,2
DA:204,0
DA:206,2
DA:208,2
DA:209,0
DA:211,2
DA:213,2
DA:214,0
DA:216,2
DA:218,2
DA:219,0
DA:221,2
DA:223,2
DA:224,0
DA:226,2
DA:230,22
DA:231,2
DA:232,2
DA:235,22
DA:276,0
DA:296,4
DA:309,100
DA:310,100
DA:311,285
DA:312,100
DA:313,20
DA:315,100
DA:316,4
LF:66
LH:54
BRDA:27,0,0,0
BRDA:27,0,1,84
BRDA:44,1,0,9
BRDA:44,1,1,11
BRDA:60,2,0,2
BRDA:60,2,1,9
BRDA:84,3,0,2
BRDA:84,3,1,7
BRDA:108,4,0,3
BRDA:108,4,1,4
BRDA:119,5,0,0
BRDA:119,5,1,4
BRDA:136,6,0,4
BRDA:136,6,1,0
BRDA:193,7,0,0
BRDA:193,7,1,0
BRDA:198,8,0,0
BRDA:198,8,1,0
BRDA:203,9,0,0
BRDA:203,9,1,2
BRDA:208,10,0,0
BRDA:208,10,1,2
BRDA:213,11,0,0
BRDA:213,11,1,2
BRDA:218,12,0,0
BRDA:218,12,1,2
BRDA:223,13,0,0
BRDA:223,13,1,2
BRDA:223,14,0,2
BRDA:223,14,1,0
BRDA:223,14,2,0
BRDA:238,15,0,2
BRDA:238,15,1,20
BRDA:256,16,0,0
BRDA:256,16,1,2
BRDA:263,17,0,0
BRDA:263,17,1,2
BRDA:270,18,0,0
BRDA:270,18,1,2
BRDA:277,19,0,0
BRDA:277,19,1,2
BRDA:284,20,0,0
BRDA:284,20,1,2
BRDA:284,21,0,2
BRDA:284,21,1,0
BRDA:284,21,2,0
BRDA:310,22,0,95
BRDA:310,22,1,5
BRDA:312,23,0,20
BRDA:312,23,1,80
BRDA:313,24,0,17
BRDA:313,24,1,3
BRF:52
BRH:31
end_of_record
